<?xml version="1.0" encoding="UTF-8"?>
<testsuite xmlns:xsi="http://www.w3.org/2001/XMLSchema-instance" xsi:noNamespaceSchemaLocation="https://maven.apache.org/surefire/maven-surefire-plugin/xsd/surefire-test-report.xsd" name="CoffeeDecoratorTest" time="0.066" tests="10" errors="0" skipped="0" failures="0">
  <properties>
[...]
</properties>
  <testcase name="addNutMilkCost" classname="CoffeeDecoratorTest" time="0.011"/>
  <testcase name="addFlavorSyrupCost" classname="CoffeeDecoratorTest" time="0.003"/>
  <testcase name="initCoffee" classname="CoffeeDecoratorTest" time="0"/>
  <testcase name="addSugarCost" classname="CoffeeDecoratorTest" time="0.006"/>
  <testcase name="multipleAddOnsCost" classname="CoffeeDecoratorTest" time="0.011"/>
  <testcase name="addExtraShotCost" classname="CoffeeDecoratorTest" time="0.004"/>
  <testcase name="addCreamSugarCost" classname="CoffeeDecoratorTest" time="0.01"/>
  <testcase name="addCreamCost" classname="CoffeeDecoratorTest" time="0.005"/>
  <testcase name="basicCoffeeCost" classname="CoffeeDecoratorTest" time="0.001"/>
  <testcase name="differentOrderMultipleAddOns" classname="CoffeeDecoratorTest" time="0.006"/>
</testsuite>